{
  "0 debug pnpm:scope": {
    "selected": 1
  },
  "1 error pnpm": {
    "errno": 1,
    "code": "ELIFECYCLE",
    "pkgid": "cdmcgwire.github.io@2.0.1",
    "stage": "build",
    "script": "svelte-kit build",
    "pkgname": "cdmcgwire.github.io",
    "err": {
      "name": "pnpm",
      "message": "cdmcgwire.github.io@2.0.1 build: `svelte-kit build`\nExit status 1",
      "code": "ELIFECYCLE",
      "stack": "pnpm: cdmcgwire.github.io@2.0.1 build: `svelte-kit build`\nExit status 1\n    at EventEmitter.<anonymous> (C:\\Users\\CDMcG\\.node\\corepack\\pnpm\\7.0.0\\dist\\pnpm.cjs:106732:20)\n    at EventEmitter.emit (node:events:527:28)\n    at ChildProcess.<anonymous> (C:\\Users\\CDMcG\\.node\\corepack\\pnpm\\7.0.0\\dist\\pnpm.cjs:93301:18)\n    at ChildProcess.emit (node:events:527:28)\n    at maybeClose (node:internal/child_process:1090:16)\n    at ChildProcess._handle.onexit (node:internal/child_process:302:5)"
    }
  },
  "2 warn pnpm:global": " Local package.json exists, but node_modules missing, did you mean to install?"
}